d:\vs2022projects\devourcheat\devourcheat\x64\release\vc143.pdb
d:\vs2022projects\devourcheat\devourcheat\x64\release\imgui_demo.obj
d:\vs2022projects\devourcheat\devourcheat\x64\release\imgui.obj
d:\vs2022projects\devourcheat\devourcheat\x64\release\helper.obj
d:\vs2022projects\devourcheat\devourcheat\x64\release\obfuscators.obj
d:\vs2022projects\devourcheat\devourcheat\x64\release\_template_api.obj
d:\vs2022projects\devourcheat\devourcheat\x64\release\transform.obj
d:\vs2022projects\devourcheat\devourcheat\x64\release\rigidbody.obj
d:\vs2022projects\devourcheat\devourcheat\x64\release\object.obj
d:\vs2022projects\devourcheat\devourcheat\x64\release\layermask.obj
d:\vs2022projects\devourcheat\devourcheat\x64\release\gameobject.obj
d:\vs2022projects\devourcheat\devourcheat\x64\release\component.obj
d:\vs2022projects\devourcheat\devourcheat\x64\release\camera.obj
d:\vs2022projects\devourcheat\devourcheat\x64\release\main.obj
d:\vs2022projects\devourcheat\devourcheat\x64\release\thread.obj
d:\vs2022projects\devourcheat\devourcheat\x64\release\string.obj
d:\vs2022projects\devourcheat\devourcheat\x64\release\class.obj
d:\vs2022projects\devourcheat\devourcheat\x64\release\callback.obj
d:\vs2022projects\devourcheat\devourcheat\x64\release\data.obj
d:\vs2022projects\devourcheat\devourcheat\x64\release\cache.obj
d:\vs2022projects\devourcheat\devourcheat\x64\release\dllmain.obj
d:\vs2022projects\devourcheat\devourcheat\x64\release\kiero.obj
d:\vs2022projects\devourcheat\devourcheat\x64\release\imgui_widgets.obj
d:\vs2022projects\devourcheat\devourcheat\x64\release\imgui_tables.obj
d:\vs2022projects\devourcheat\devourcheat\x64\release\imgui_impl_win32.obj
d:\vs2022projects\devourcheat\devourcheat\x64\release\imgui_impl_dx11.obj
d:\vs2022projects\devourcheat\devourcheat\x64\release\imgui_draw.obj
d:\vs2022projects\devourcheat\x64\release\devourcheat.dll
d:\vs2022projects\devourcheat\devourcheat\x64\release\devourcheat.ipdb
d:\vs2022projects\devourcheat\x64\release\devourcheat.pdb
d:\vs2022projects\devourcheat\devourcheat\x64\release\devourcheat.iobj
d:\vs2022projects\devourcheat\x64\release\minhook.x64.dll
d:\vs2022projects\devourcheat\devourcheat\x64\release\devourcheat.tlog\cl.read.1.tlog
d:\vs2022projects\devourcheat\devourcheat\x64\release\devourcheat.tlog\cl.write.1.tlog
d:\vs2022projects\devourcheat\devourcheat\x64\release\devourcheat.tlog\cl.command.1.tlog
d:\vs2022projects\devourcheat\devourcheat\x64\release\devourcheat.tlog\link.read.22.tlog
d:\vs2022projects\devourcheat\devourcheat\x64\release\devourcheat.tlog\link.write.1.tlog
d:\vs2022projects\devourcheat\devourcheat\x64\release\devourcheat.tlog\link.command.1.tlog
d:\vs2022projects\devourcheat\devourcheat\x64\release\devourcheat.tlog\devourcheat.write.1u.tlog
